0 info it worked if it ends with ok
1 verbose cli [ '/Users/inc/.nodebrew/node/v6.9.4/bin/node',
1 verbose cli   '/Users/inc/.nodebrew/current/bin/npm',
1 verbose cli   'run',
1 verbose cli   'lint' ]
2 info using npm@3.10.10
3 info using node@v6.9.4
4 verbose run-script [ 'prelint', 'lint', 'postlint' ]
5 info lifecycle @~prelint: @
6 silly lifecycle @~prelint: no script for prelint, continuing
7 info lifecycle @~lint: @
8 verbose lifecycle @~lint: unsafe-perm in lifecycle true
9 verbose lifecycle @~lint: PATH: /Users/inc/.nodebrew/node/v6.9.4/lib/node_modules/npm/bin/node-gyp-bin:/Users/inc/htdocs/mimizuku.wptheme.dev/wp-content/plugins/snow-monkey-blocks/node_modules/.bin:/Users/inc/.nodebrew/node/v6.9.4/bin:/usr/local/opt/curl/bin:/Users/inc/.phpbrew/php/php-7.2.8/bin:/Users/inc/.phpbrew/bin:/usr/local/opt/gettext/bin:/Users/inc/.rbenv/shims:/Users/inc/.nodebrew/current/bin:/Users/inc/.gem/ruby/2.0.0/bin:/usr/local/sbin:/usr/local/bin/phpcs:/usr/local/bin/wp:/usr/local/bin:/usr/bin:/bin:/usr/sbin:/sbin:/opt/X11/bin:/Library/Frameworks/Mono.framework/Versions/Current/Commands:/usr/local/opt/curl/bin:/usr/local/opt/gettext/bin:/Users/inc/.rbenv/shims:/Users/inc/.nodebrew/current/bin:/Users/inc/.gem/ruby/2.0.0/bin:/usr/local/sbin:/usr/local/bin/phpcs:/usr/local/bin/wp:/Applications/adt-bundle-mac/sdk/platform-tools:/Applications/adt-bundle-mac/sdk/platform-tools
10 verbose lifecycle @~lint: CWD: /Users/inc/htdocs/mimizuku.wptheme.dev/wp-content/plugins/snow-monkey-blocks
11 silly lifecycle @~lint: Args: [ '-c', 'eslint .' ]
12 silly lifecycle @~lint: Returned: code: 1  signal: null
13 info lifecycle @~lint: Failed to exec lint script
14 verbose stack Error: @ lint: `eslint .`
14 verbose stack Exit status 1
14 verbose stack     at EventEmitter.<anonymous> (/Users/inc/.nodebrew/node/v6.9.4/lib/node_modules/npm/lib/utils/lifecycle.js:255:16)
14 verbose stack     at emitTwo (events.js:106:13)
14 verbose stack     at EventEmitter.emit (events.js:191:7)
14 verbose stack     at ChildProcess.<anonymous> (/Users/inc/.nodebrew/node/v6.9.4/lib/node_modules/npm/lib/utils/spawn.js:40:14)
14 verbose stack     at emitTwo (events.js:106:13)
14 verbose stack     at ChildProcess.emit (events.js:191:7)
14 verbose stack     at maybeClose (internal/child_process.js:877:16)
14 verbose stack     at Process.ChildProcess._handle.onexit (internal/child_process.js:226:5)
15 verbose pkgid @
16 verbose cwd /Users/inc/htdocs/mimizuku.wptheme.dev/wp-content/plugins/snow-monkey-blocks
17 error Darwin 18.7.0
18 error argv "/Users/inc/.nodebrew/node/v6.9.4/bin/node" "/Users/inc/.nodebrew/current/bin/npm" "run" "lint"
19 error node v6.9.4
20 error npm  v3.10.10
21 error code ELIFECYCLE
22 error @ lint: `eslint .`
22 error Exit status 1
23 error Failed at the @ lint script 'eslint .'.
23 error Make sure you have the latest version of node.js and npm installed.
23 error If you do, this is most likely a problem with the  package,
23 error not with npm itself.
23 error Tell the author that this fails on your system:
23 error     eslint .
23 error You can get information on how to open an issue for this project with:
23 error     npm bugs
23 error Or if that isn't available, you can get their info via:
23 error     npm owner ls
23 error There is likely additional logging output above.
24 verbose exit [ 1, true ]
